<?xml version="1.0" encoding="UTF-8"?>
<!-- Generated by org.testng.reporters.JUnitReportReporter -->
<testsuite skipped="0" hostname="DESKTOP-EN8OR1D" name="com.testrunner.demo.TestRunner" tests="1" failures="0" timestamp="2020-10-16T14:56:16 CDT" time="26.170" errors="0">
  <testcase name="feature" time="26.170" classname="com.testrunner.demo.TestRunner"/>
  <system-out/>
</testsuite> <!-- com.testrunner.demo.TestRunner -->
